Exporter version: 6.4.2, Blender version: 2.82 (sub 7)
========= Conversion from Blender to Babylon.js =========
	Scene settings used :
		Inline textures     :  false
		Material Type       :  PBR
		Positions Precision :  4
		Normals Precision   :  3
		UVs Precision       :  3
		Vert Color Precision:  3
		Mat Weight Precision:  2
		Keep Z-up r-handed  :  no
		Texture directory   :  /home/ariel/Documentos/babylon_proyectos/flappy bird babylon/babylonExportBlender/personajeMultiplesAnimaciones/
========= An error was encountered =========
  File "/home/ariel/.config/blender/2.82/scripts/addons/babylon_js/json_exporter.py", line 76, in execute
    self.world = World(scene, self)
  File "/home/ariel/.config/blender/2.82/scripts/addons/babylon_js/world.py", line 60, in __init__
    self.envFileNoPath = bjsTexture.fileNoPath
ERROR:  'BJSImageTexture' object has no attribute 'fileNoPath'
========= end of processing =========
elapsed time:  0 min, 0.0126 secs
