Exporter version: 6.4.2, Blender version: 2.82 (sub 7)
========= Conversion from Blender to Babylon.js =========
	Scene settings used :
		Inline textures     :  true
		Material Type       :  PBR
		Positions Precision :  4
		Normals Precision   :  3
		UVs Precision       :  3
		Vert Color Precision:  3
		Mat Weight Precision:  2
		Keep Z-up r-handed  :  no
			processing env texture lysGenerated_sunset.env
	Python World class constructor completed
	WARNING: The following camera not visible in scene thus ignored: CameraBlender
	processing begun of mesh:  columnas
		processing begun of material:  Material
			processing texture verde
				texture type:  diffuseTexture, mapped using: "UVMap"
		num positions      :  133
		num normals        :  133
		num tangents       :  0
		num uvs            :  266
		num uvs2           :  0
		num colors         :  0
		num triangles      :  52
	processing begun of mesh:  pajaro
		processing begun of material:  pajaro
		processing begun of material:  blanco
		processing begun of material:  rojo
			processing texture amarillo
				texture type:  diffuseTexture, mapped using: "UVMap"
			processing texture blanco
				texture type:  diffuseTexture, mapped using: "UVMap"
			processing texture rojo
				texture type:  diffuseTexture, mapped using: "UVMap"
		processing begun of multimaterial:  cuboAnimado.Multimaterial#0
		num positions      :  151
		num normals        :  151
		num tangents       :  0
		num uvs            :  302
		num uvs2           :  0
		num colors         :  0
		num triangles      :  148
	processing begun of mesh:  columnas2
		processing begun of material:  Material
		registered as also a user of material:  Material
		num positions      :  133
		num normals        :  133
		num tangents       :  0
		num uvs            :  266
		num uvs2           :  0
		num colors         :  0
		num triangles      :  52
	processing begun of mesh:  columnas3
		processing begun of material:  Material
		registered as also a user of material:  Material
		num positions      :  133
		num normals        :  133
		num tangents       :  0
		num uvs            :  266
		num uvs2           :  0
		num colors         :  0
		num triangles      :  52
	processing begun of mesh:  columnas4
		processing begun of material:  Material
		registered as also a user of material:  Material
		num positions      :  133
		num normals        :  133
		num tangents       :  0
		num uvs            :  266
		num uvs2           :  0
		num colors         :  0
		num triangles      :  52
	processing begun of mesh:  sueloMalla
		processing begun of material:  Material
		processing begun of material:  pajaro
		registered as also a user of material:  Material
		registered as also a user of material:  pajaro
		processing begun of multimaterial:  cuboAnimado.Multimaterial#1
		num positions      :  45
		num normals        :  45
		num tangents       :  0
		num uvs            :  90
		num uvs2           :  0
		num colors         :  0
		num triangles      :  20
	processing begun of mesh:  columnas5
		processing begun of material:  Material
		registered as also a user of material:  Material
		num positions      :  133
		num normals        :  133
		num tangents       :  0
		num uvs            :  266
		num uvs2           :  0
		num colors         :  0
		num triangles      :  52
	processing begun of mesh:  columnas6
		processing begun of material:  Material
		registered as also a user of material:  Material
		num positions      :  133
		num normals        :  133
		num tangents       :  0
		num uvs            :  266
		num uvs2           :  0
		num colors         :  0
		num triangles      :  52
	processing begun of mesh:  columnas7
		processing begun of material:  Material
		registered as also a user of material:  Material
		num positions      :  133
		num normals        :  133
		num tangents       :  0
		num uvs            :  266
		num uvs2           :  0
		num colors         :  0
		num triangles      :  52
	processing begun of node:  Empty
	processing begun of mesh:  EmphtyReposicionar
		processing begun of material:  naranja
		num positions      :  66
		num normals        :  66
		num tangents       :  0
		num uvs            :  132
		num uvs2           :  0
		num colors         :  0
		num triangles      :  28
		WARNING: # of 0 area faces found:  6
	processing begun of mesh:  sueloMalla.001
		processing begun of material:  Material
		processing begun of material:  pajaro
		registered as also a user of material:  Material
		registered as also a user of material:  pajaro
		processing begun of multimaterial:  cuboAnimado.Multimaterial#2
		num positions      :  45
		num normals        :  45
		num tangents       :  0
		num uvs            :  90
		num uvs2           :  0
		num colors         :  0
		num triangles      :  20
	processing begun of mesh:  EmphtyReposicionar2
		processing begun of material:  naranja
		registered as also a user of material:  naranja
		num positions      :  66
		num normals        :  66
		num tangents       :  0
		num uvs            :  132
		num uvs2           :  0
		num colors         :  0
		num triangles      :  28
		WARNING: # of 0 area faces found:  6
	processing begun of mesh:  columnaFisicoInferior
		processing begun of material:  colisionMaterial
		num positions      :  31
		num normals        :  31
		num tangents       :  0
		num uvs            :  62
		num uvs2           :  0
		num colors         :  0
		num triangles      :  12
	processing begun of mesh:  columnaFisicoSuperior
		processing begun of material:  colisionMaterial
		registered as also a user of material:  colisionMaterial
		num positions      :  29
		num normals        :  29
		num tangents       :  0
		num uvs            :  58
		num uvs2           :  0
		num colors         :  0
		num triangles      :  12
	processing begun of mesh:  puntos
		WARNING: No materials have been assigned: 
		num positions      :  29
		num normals        :  29
		num tangents       :  0
		num uvs            :  58
		num uvs2           :  0
		num colors         :  0
		num triangles      :  12
	processing begun of mesh:  columnasPrincipal
		WARNING: No materials have been assigned: 
		num positions      :  29
		num normals        :  29
		num tangents       :  0
		num uvs            :  58
		num uvs2           :  0
		num colors         :  0
		num triangles      :  12
	processing begun of mesh:  sueloColision
		processing begun of material:  colisionMaterial
		processing begun of material:  pajaro
		registered as also a user of material:  colisionMaterial
		registered as also a user of material:  pajaro
		processing begun of multimaterial:  cuboAnimado.Multimaterial#3
		num positions      :  29
		num normals        :  29
		num tangents       :  0
		num uvs            :  58
		num uvs2           :  0
		num colors         :  0
		num triangles      :  12
	processing begun of mesh:  sueloColision.001
		processing begun of material:  colisionMaterial
		registered as also a user of material:  colisionMaterial
		num positions      :  29
		num normals        :  29
		num tangents       :  0
		num uvs            :  58
		num uvs2           :  0
		num colors         :  0
		num triangles      :  12
	processing begun of mesh:  pajaroColision
		processing begun of material:  colisionMaterial
		processing begun of material:  pajaro
		registered as also a user of material:  colisionMaterial
		registered as also a user of material:  pajaro
		processing begun of multimaterial:  cuboAnimado.Multimaterial#4
		num positions      :  29
		num normals        :  29
		num tangents       :  0
		num uvs            :  58
		num uvs2           :  0
		num colors         :  0
		num triangles      :  12
	processing begun of mesh:  columnaFisicoSuperior.008
		processing begun of material:  colisionMaterial
		registered as also a user of material:  colisionMaterial
		num positions      :  29
		num normals        :  29
		num tangents       :  0
		num uvs            :  58
		num uvs2           :  0
		num colors         :  0
		num triangles      :  12
	processing begun of mesh:  columnaFisicoInferior.007
		processing begun of material:  colisionMaterial
		registered as also a user of material:  colisionMaterial
		num positions      :  31
		num normals        :  31
		num tangents       :  0
		num uvs            :  62
		num uvs2           :  0
		num colors         :  0
		num triangles      :  12
	processing begun of mesh:  columnaFisicoInferior.008
		processing begun of material:  colisionMaterial
		registered as also a user of material:  colisionMaterial
		num positions      :  31
		num normals        :  31
		num tangents       :  0
		num uvs            :  62
		num uvs2           :  0
		num colors         :  0
		num triangles      :  12
	processing begun of mesh:  columnaFisicoSuperior.007
		processing begun of material:  colisionMaterial
		registered as also a user of material:  colisionMaterial
		num positions      :  29
		num normals        :  29
		num tangents       :  0
		num uvs            :  58
		num uvs2           :  0
		num colors         :  0
		num triangles      :  12
	processing begun of mesh:  puntos.007
		WARNING: No materials have been assigned: 
		num positions      :  29
		num normals        :  29
		num tangents       :  0
		num uvs            :  58
		num uvs2           :  0
		num colors         :  0
		num triangles      :  12
	processing begun of mesh:  columnasPrincipal.007
		WARNING: No materials have been assigned: 
		num positions      :  29
		num normals        :  29
		num tangents       :  0
		num uvs            :  58
		num uvs2           :  0
		num colors         :  0
		num triangles      :  12
	processing begun of mesh:  columnaFisicoSuperior.009
		processing begun of material:  colisionMaterial
		registered as also a user of material:  colisionMaterial
		num positions      :  29
		num normals        :  29
		num tangents       :  0
		num uvs            :  58
		num uvs2           :  0
		num colors         :  0
		num triangles      :  12
	processing begun of mesh:  columnaFisicoInferior.009
		processing begun of material:  colisionMaterial
		registered as also a user of material:  colisionMaterial
		num positions      :  31
		num normals        :  31
		num tangents       :  0
		num uvs            :  62
		num uvs2           :  0
		num colors         :  0
		num triangles      :  12
	processing begun of mesh:  columnaFisicoInferior.001
		processing begun of material:  colisionMaterial
		registered as also a user of material:  colisionMaterial
		num positions      :  31
		num normals        :  31
		num tangents       :  0
		num uvs            :  62
		num uvs2           :  0
		num colors         :  0
		num triangles      :  12
	processing begun of mesh:  columnaFisicoSuperior.001
		processing begun of material:  colisionMaterial
		registered as also a user of material:  colisionMaterial
		num positions      :  29
		num normals        :  29
		num tangents       :  0
		num uvs            :  58
		num uvs2           :  0
		num colors         :  0
		num triangles      :  12
	processing begun of mesh:  puntos.001
		WARNING: No materials have been assigned: 
		num positions      :  29
		num normals        :  29
		num tangents       :  0
		num uvs            :  58
		num uvs2           :  0
		num colors         :  0
		num triangles      :  12
	processing begun of mesh:  columnasPrincipal.001
		WARNING: No materials have been assigned: 
		num positions      :  29
		num normals        :  29
		num tangents       :  0
		num uvs            :  58
		num uvs2           :  0
		num colors         :  0
		num triangles      :  12
	processing begun of mesh:  columnaFisicoSuperior.002
		processing begun of material:  colisionMaterial
		registered as also a user of material:  colisionMaterial
		num positions      :  29
		num normals        :  29
		num tangents       :  0
		num uvs            :  58
		num uvs2           :  0
		num colors         :  0
		num triangles      :  12
	processing begun of mesh:  columnaFisicoInferior.002
		processing begun of material:  colisionMaterial
		registered as also a user of material:  colisionMaterial
		num positions      :  31
		num normals        :  31
		num tangents       :  0
		num uvs            :  62
		num uvs2           :  0
		num colors         :  0
		num triangles      :  12
	processing begun of mesh:  columnaFisicoInferior.003
		processing begun of material:  colisionMaterial
		registered as also a user of material:  colisionMaterial
		num positions      :  31
		num normals        :  31
		num tangents       :  0
		num uvs            :  62
		num uvs2           :  0
		num colors         :  0
		num triangles      :  12
	processing begun of mesh:  columnaFisicoSuperior.003
		processing begun of material:  colisionMaterial
		registered as also a user of material:  colisionMaterial
		num positions      :  29
		num normals        :  29
		num tangents       :  0
		num uvs            :  58
		num uvs2           :  0
		num colors         :  0
		num triangles      :  12
	processing begun of mesh:  puntos.002
		WARNING: No materials have been assigned: 
		num positions      :  29
		num normals        :  29
		num tangents       :  0
		num uvs            :  58
		num uvs2           :  0
		num colors         :  0
		num triangles      :  12
	processing begun of mesh:  columnasPrincipal.002
		WARNING: No materials have been assigned: 
		num positions      :  29
		num normals        :  29
		num tangents       :  0
		num uvs            :  58
		num uvs2           :  0
		num colors         :  0
		num triangles      :  12
	processing begun of mesh:  columnaFisicoSuperior.010
		processing begun of material:  colisionMaterial
		registered as also a user of material:  colisionMaterial
		num positions      :  29
		num normals        :  29
		num tangents       :  0
		num uvs            :  58
		num uvs2           :  0
		num colors         :  0
		num triangles      :  12
	processing begun of mesh:  columnaFisicoInferior.010
		processing begun of material:  colisionMaterial
		registered as also a user of material:  colisionMaterial
		num positions      :  31
		num normals        :  31
		num tangents       :  0
		num uvs            :  62
		num uvs2           :  0
		num colors         :  0
		num triangles      :  12
	processing begun of mesh:  columnaFisicoInferior.004
		processing begun of material:  colisionMaterial
		registered as also a user of material:  colisionMaterial
		num positions      :  31
		num normals        :  31
		num tangents       :  0
		num uvs            :  62
		num uvs2           :  0
		num colors         :  0
		num triangles      :  12
	processing begun of mesh:  columnaFisicoSuperior.004
		processing begun of material:  colisionMaterial
		registered as also a user of material:  colisionMaterial
		num positions      :  29
		num normals        :  29
		num tangents       :  0
		num uvs            :  58
		num uvs2           :  0
		num colors         :  0
		num triangles      :  12
	processing begun of mesh:  puntos.003
		WARNING: No materials have been assigned: 
		num positions      :  29
		num normals        :  29
		num tangents       :  0
		num uvs            :  58
		num uvs2           :  0
		num colors         :  0
		num triangles      :  12
	processing begun of mesh:  columnasPrincipal.003
		WARNING: No materials have been assigned: 
		num positions      :  29
		num normals        :  29
		num tangents       :  0
		num uvs            :  58
		num uvs2           :  0
		num colors         :  0
		num triangles      :  12
	processing begun of mesh:  columnaFisicoSuperior.011
		processing begun of material:  colisionMaterial
		registered as also a user of material:  colisionMaterial
		num positions      :  29
		num normals        :  29
		num tangents       :  0
		num uvs            :  58
		num uvs2           :  0
		num colors         :  0
		num triangles      :  12
	processing begun of mesh:  columnaFisicoInferior.011
		processing begun of material:  colisionMaterial
		registered as also a user of material:  colisionMaterial
		num positions      :  31
		num normals        :  31
		num tangents       :  0
		num uvs            :  62
		num uvs2           :  0
		num colors         :  0
		num triangles      :  12
	processing begun of mesh:  columnaFisicoInferior.005
		processing begun of material:  colisionMaterial
		registered as also a user of material:  colisionMaterial
		num positions      :  31
		num normals        :  31
		num tangents       :  0
		num uvs            :  62
		num uvs2           :  0
		num colors         :  0
		num triangles      :  12
	processing begun of mesh:  columnaFisicoSuperior.005
		processing begun of material:  colisionMaterial
		registered as also a user of material:  colisionMaterial
		num positions      :  29
		num normals        :  29
		num tangents       :  0
		num uvs            :  58
		num uvs2           :  0
		num colors         :  0
		num triangles      :  12
	processing begun of mesh:  puntos.004
		WARNING: No materials have been assigned: 
		num positions      :  29
		num normals        :  29
		num tangents       :  0
		num uvs            :  58
		num uvs2           :  0
		num colors         :  0
		num triangles      :  12
	processing begun of mesh:  columnasPrincipal.004
		WARNING: No materials have been assigned: 
		num positions      :  29
		num normals        :  29
		num tangents       :  0
		num uvs            :  58
		num uvs2           :  0
		num colors         :  0
		num triangles      :  12
	processing begun of mesh:  columnaFisicoSuperior.012
		processing begun of material:  colisionMaterial
		registered as also a user of material:  colisionMaterial
		num positions      :  29
		num normals        :  29
		num tangents       :  0
		num uvs            :  58
		num uvs2           :  0
		num colors         :  0
		num triangles      :  12
	processing begun of mesh:  columnaFisicoInferior.012
		processing begun of material:  colisionMaterial
		registered as also a user of material:  colisionMaterial
		num positions      :  31
		num normals        :  31
		num tangents       :  0
		num uvs            :  62
		num uvs2           :  0
		num colors         :  0
		num triangles      :  12
	processing begun of mesh:  columnaFisicoInferior.006
		processing begun of material:  colisionMaterial
		registered as also a user of material:  colisionMaterial
		num positions      :  31
		num normals        :  31
		num tangents       :  0
		num uvs            :  62
		num uvs2           :  0
		num colors         :  0
		num triangles      :  12
	processing begun of mesh:  columnaFisicoSuperior.006
		processing begun of material:  colisionMaterial
		registered as also a user of material:  colisionMaterial
		num positions      :  29
		num normals        :  29
		num tangents       :  0
		num uvs            :  58
		num uvs2           :  0
		num colors         :  0
		num triangles      :  12
	processing begun of mesh:  puntos.005
		WARNING: No materials have been assigned: 
		num positions      :  29
		num normals        :  29
		num tangents       :  0
		num uvs            :  58
		num uvs2           :  0
		num colors         :  0
		num triangles      :  12
	processing begun of mesh:  columnasPrincipal.005
		WARNING: No materials have been assigned: 
		num positions      :  29
		num normals        :  29
		num tangents       :  0
		num uvs            :  58
		num uvs2           :  0
		num colors         :  0
		num triangles      :  12
	processing begun of mesh:  columnaFisicoSuperior.013
		processing begun of material:  colisionMaterial
		registered as also a user of material:  colisionMaterial
		num positions      :  29
		num normals        :  29
		num tangents       :  0
		num uvs            :  58
		num uvs2           :  0
		num colors         :  0
		num triangles      :  12
	processing begun of mesh:  columnaFisicoInferior.013
		processing begun of material:  colisionMaterial
		registered as also a user of material:  colisionMaterial
		num positions      :  31
		num normals        :  31
		num tangents       :  0
		num uvs            :  62
		num uvs2           :  0
		num colors         :  0
		num triangles      :  12
	processing begun of mesh:  suelo
		WARNING: No materials have been assigned: 
		num positions      :  4
		num normals        :  4
		num tangents       :  0
		num uvs            :  8
		num uvs2           :  0
		num colors         :  0
		num triangles      :  2
	processing begun of mesh:  suelo2
		WARNING: No materials have been assigned: 
		num positions      :  4
		num normals        :  4
		num tangents       :  0
		num uvs            :  8
		num uvs2           :  0
		num colors         :  0
		num triangles      :  2
	processing begun of mesh:  suelo.001
		WARNING: No materials have been assigned: 
		num positions      :  0
		num normals        :  0
		num tangents       :  0
		num uvs            :  0
		num uvs2           :  0
		num colors         :  0
		num triangles      :  0
	WARNING: mesh, suelo.001, has 0 vertices; ignored
	processing begun of mesh:  numero1
		processing begun of material:  naranja
		registered as also a user of material:  naranja
		num positions      :  127
		num normals        :  127
		num tangents       :  0
		num uvs            :  254
		num uvs2           :  0
		num colors         :  0
		num triangles      :  52
	processing begun of mesh:  numero2
		processing begun of material:  naranja
		registered as also a user of material:  naranja
		num positions      :  232
		num normals        :  232
		num tangents       :  0
		num uvs            :  464
		num uvs2           :  0
		num colors         :  0
		num triangles      :  108
	processing begun of mesh:  arbolesPrimerPlano1
		processing begun of material:  verdePasto
		num positions      :  406
		num normals        :  406
		num tangents       :  0
		num uvs            :  812
		num uvs2           :  0
		num colors         :  0
		num triangles      :  304
	processing begun of mesh:  arbolesPrimerPlano2
		processing begun of material:  verdePasto
		registered as also a user of material:  verdePasto
		num positions      :  466
		num normals        :  466
		num tangents       :  0
		num uvs            :  932
		num uvs2           :  0
		num colors         :  0
		num triangles      :  352
	processing begun of mesh:  arbolesPrimerPlano3
		processing begun of material:  verdePasto
		registered as also a user of material:  verdePasto
		num positions      :  403
		num normals        :  403
		num tangents       :  0
		num uvs            :  806
		num uvs2           :  0
		num colors         :  0
		num triangles      :  304
	processing begun of mesh:  Cube.005
		processing begun of material:  colorEdificio
		processing begun of material:  colorVentanaEdificio
		processing begun of multimaterial:  cuboAnimado.Multimaterial#5
		num positions      :  562
		num normals        :  562
		num tangents       :  0
		num uvs            :  1124
		num uvs2           :  0
		num colors         :  0
		num triangles      :  356
	processing begun of mesh:  Cube.003
		processing begun of material:  colorEdificio
		processing begun of material:  colorVentanaEdificio
		registered as also a user of material:  colorEdificio
		registered as also a user of material:  colorVentanaEdificio
		processing begun of multimaterial:  cuboAnimado.Multimaterial#6
		num positions      :  562
		num normals        :  562
		num tangents       :  0
		num uvs            :  1124
		num uvs2           :  0
		num colors         :  0
		num triangles      :  356
	processing begun of mesh:  Cube.004
		processing begun of material:  colorEdificio
		processing begun of material:  colorVentanaEdificio
		registered as also a user of material:  colorEdificio
		registered as also a user of material:  colorVentanaEdificio
		processing begun of multimaterial:  cuboAnimado.Multimaterial#7
		num positions      :  562
		num normals        :  562
		num tangents       :  0
		num uvs            :  1124
		num uvs2           :  0
		num colors         :  0
		num triangles      :  356
	processing begun of mesh:  Cube.006
		processing begun of material:  colorEdificio
		processing begun of material:  colorVentanaEdificio
		registered as also a user of material:  colorEdificio
		registered as also a user of material:  colorVentanaEdificio
		processing begun of multimaterial:  cuboAnimado.Multimaterial#8
		num positions      :  648
		num normals        :  648
		num tangents       :  0
		num uvs            :  1296
		num uvs2           :  0
		num colors         :  0
		num triangles      :  400
	processing begun of mesh:  Cube.007
		processing begun of material:  colorEdificio
		processing begun of material:  colorVentanaEdificio
		registered as also a user of material:  colorEdificio
		registered as also a user of material:  colorVentanaEdificio
		processing begun of multimaterial:  cuboAnimado.Multimaterial#9
		num positions      :  562
		num normals        :  562
		num tangents       :  0
		num uvs            :  1124
		num uvs2           :  0
		num colors         :  0
		num triangles      :  356
	processing begun of mesh:  Cube.008
		processing begun of material:  colorEdificio
		processing begun of material:  colorVentanaEdificio
		registered as also a user of material:  colorEdificio
		registered as also a user of material:  colorVentanaEdificio
		processing begun of multimaterial:  cuboAnimado.Multimaterial#10
		num positions      :  562
		num normals        :  562
		num tangents       :  0
		num uvs            :  1124
		num uvs2           :  0
		num colors         :  0
		num triangles      :  356
	processing begun of mesh:  Cube.009
		processing begun of material:  colorEdificio
		processing begun of material:  colorVentanaEdificio
		registered as also a user of material:  colorEdificio
		registered as also a user of material:  colorVentanaEdificio
		processing begun of multimaterial:  cuboAnimado.Multimaterial#11
		num positions      :  577
		num normals        :  577
		num tangents       :  0
		num uvs            :  1154
		num uvs2           :  0
		num colors         :  0
		num triangles      :  356
	processing begun of mesh:  Cube.010
		processing begun of material:  colorEdificio
		processing begun of material:  colorVentanaEdificio
		registered as also a user of material:  colorEdificio
		registered as also a user of material:  colorVentanaEdificio
		processing begun of multimaterial:  cuboAnimado.Multimaterial#12
		num positions      :  577
		num normals        :  577
		num tangents       :  0
		num uvs            :  1154
		num uvs2           :  0
		num colors         :  0
		num triangles      :  356
	processing begun of mesh:  Cube.011
		processing begun of material:  colorEdificio
		processing begun of material:  colorVentanaEdificio
		registered as also a user of material:  colorEdificio
		registered as also a user of material:  colorVentanaEdificio
		processing begun of multimaterial:  cuboAnimado.Multimaterial#13
		num positions      :  570
		num normals        :  570
		num tangents       :  0
		num uvs            :  1140
		num uvs2           :  0
		num colors         :  0
		num triangles      :  356
	processing begun of mesh:  Cube.012
		processing begun of material:  colorEdificio
		processing begun of material:  colorVentanaEdificio
		registered as also a user of material:  colorEdificio
		registered as also a user of material:  colorVentanaEdificio
		processing begun of multimaterial:  cuboAnimado.Multimaterial#14
		num positions      :  648
		num normals        :  648
		num tangents       :  0
		num uvs            :  1296
		num uvs2           :  0
		num colors         :  0
		num triangles      :  400
	processing begun of mesh:  Cube.013
		processing begun of material:  colorEdificio
		processing begun of material:  colorVentanaEdificio
		registered as also a user of material:  colorEdificio
		registered as also a user of material:  colorVentanaEdificio
		processing begun of multimaterial:  cuboAnimado.Multimaterial#15
		num positions      :  562
		num normals        :  562
		num tangents       :  0
		num uvs            :  1124
		num uvs2           :  0
		num colors         :  0
		num triangles      :  356
	processing begun of mesh:  Cube.014
		processing begun of material:  colorEdificio
		processing begun of material:  colorVentanaEdificio
		registered as also a user of material:  colorEdificio
		registered as also a user of material:  colorVentanaEdificio
		processing begun of multimaterial:  cuboAnimado.Multimaterial#16
		num positions      :  562
		num normals        :  562
		num tangents       :  0
		num uvs            :  1124
		num uvs2           :  0
		num colors         :  0
		num triangles      :  356
	processing begun of mesh:  Cube.015
		processing begun of material:  colorEdificio
		processing begun of material:  colorVentanaEdificio
		registered as also a user of material:  colorEdificio
		registered as also a user of material:  colorVentanaEdificio
		processing begun of multimaterial:  cuboAnimado.Multimaterial#17
		num positions      :  577
		num normals        :  577
		num tangents       :  0
		num uvs            :  1154
		num uvs2           :  0
		num colors         :  0
		num triangles      :  356
	processing begun of mesh:  Cube.016
		processing begun of material:  colorEdificio
		processing begun of material:  colorVentanaEdificio
		registered as also a user of material:  colorEdificio
		registered as also a user of material:  colorVentanaEdificio
		processing begun of multimaterial:  cuboAnimado.Multimaterial#18
		num positions      :  577
		num normals        :  577
		num tangents       :  0
		num uvs            :  1154
		num uvs2           :  0
		num colors         :  0
		num triangles      :  356
	processing begun of mesh:  Cube.017
		processing begun of material:  colorEdificio
		processing begun of material:  colorVentanaEdificio
		registered as also a user of material:  colorEdificio
		registered as also a user of material:  colorVentanaEdificio
		processing begun of multimaterial:  cuboAnimado.Multimaterial#19
		num positions      :  570
		num normals        :  570
		num tangents       :  0
		num uvs            :  1140
		num uvs2           :  0
		num colors         :  0
		num triangles      :  356
	processing begun of mesh:  MaestroEdificioIzquierda
		WARNING: No materials have been assigned: 
		num positions      :  29
		num normals        :  29
		num tangents       :  0
		num uvs            :  58
		num uvs2           :  0
		num colors         :  0
		num triangles      :  12
	processing begun of mesh:  MaestroEdificioDerecha
		WARNING: No materials have been assigned: 
		num positions      :  29
		num normals        :  29
		num tangents       :  0
		num uvs            :  58
		num uvs2           :  0
		num colors         :  0
		num triangles      :  12
	processing begun of mesh:  ReposicionarArboles
		WARNING: No materials have been assigned: 
		num positions      :  29
		num normals        :  29
		num tangents       :  0
		num uvs            :  58
		num uvs2           :  0
		num colors         :  0
		num triangles      :  12
	processing begun of mesh:  arbolesPrimerPlano1.001
		processing begun of material:  verdePasto
		registered as also a user of material:  verdePasto
		num positions      :  406
		num normals        :  406
		num tangents       :  0
		num uvs            :  812
		num uvs2           :  0
		num colors         :  0
		num triangles      :  304
	processing begun of mesh:  arbolesPrimerPlano2.001
		processing begun of material:  verdePasto
		registered as also a user of material:  verdePasto
		num positions      :  466
		num normals        :  466
		num tangents       :  0
		num uvs            :  932
		num uvs2           :  0
		num colors         :  0
		num triangles      :  352
	processing begun of mesh:  arbolesPrimerPlano3.001
		processing begun of material:  verdePasto
		registered as also a user of material:  verdePasto
		num positions      :  403
		num normals        :  403
		num tangents       :  0
		num uvs            :  806
		num uvs2           :  0
		num colors         :  0
		num triangles      :  304
	processing begun of mesh:  Cube.001
		processing begun of material:  colorEdificio
		processing begun of material:  colorVentanaEdificio
		registered as also a user of material:  colorEdificio
		registered as also a user of material:  colorVentanaEdificio
		processing begun of multimaterial:  cuboAnimado.Multimaterial#20
		num positions      :  562
		num normals        :  562
		num tangents       :  0
		num uvs            :  1124
		num uvs2           :  0
		num colors         :  0
		num triangles      :  356
	processing begun of mesh:  Cube.002
		processing begun of material:  colorEdificio
		processing begun of material:  colorVentanaEdificio
		registered as also a user of material:  colorEdificio
		registered as also a user of material:  colorVentanaEdificio
		processing begun of multimaterial:  cuboAnimado.Multimaterial#21
		num positions      :  562
		num normals        :  562
		num tangents       :  0
		num uvs            :  1124
		num uvs2           :  0
		num colors         :  0
		num triangles      :  356
	processing begun of mesh:  Cube.018
		processing begun of material:  colorEdificio
		processing begun of material:  colorVentanaEdificio
		registered as also a user of material:  colorEdificio
		registered as also a user of material:  colorVentanaEdificio
		processing begun of multimaterial:  cuboAnimado.Multimaterial#22
		num positions      :  562
		num normals        :  562
		num tangents       :  0
		num uvs            :  1124
		num uvs2           :  0
		num colors         :  0
		num triangles      :  356
	processing begun of mesh:  Cube.019
		processing begun of material:  colorEdificio
		processing begun of material:  colorVentanaEdificio
		registered as also a user of material:  colorEdificio
		registered as also a user of material:  colorVentanaEdificio
		processing begun of multimaterial:  cuboAnimado.Multimaterial#23
		num positions      :  648
		num normals        :  648
		num tangents       :  0
		num uvs            :  1296
		num uvs2           :  0
		num colors         :  0
		num triangles      :  400
	processing begun of mesh:  Cube.020
		processing begun of material:  colorEdificio
		processing begun of material:  colorVentanaEdificio
		registered as also a user of material:  colorEdificio
		registered as also a user of material:  colorVentanaEdificio
		processing begun of multimaterial:  cuboAnimado.Multimaterial#24
		num positions      :  562
		num normals        :  562
		num tangents       :  0
		num uvs            :  1124
		num uvs2           :  0
		num colors         :  0
		num triangles      :  356
	processing begun of mesh:  Cube.021
		processing begun of material:  colorEdificio
		processing begun of material:  colorVentanaEdificio
		registered as also a user of material:  colorEdificio
		registered as also a user of material:  colorVentanaEdificio
		processing begun of multimaterial:  cuboAnimado.Multimaterial#25
		num positions      :  562
		num normals        :  562
		num tangents       :  0
		num uvs            :  1124
		num uvs2           :  0
		num colors         :  0
		num triangles      :  356
	processing begun of mesh:  Cube.022
		processing begun of material:  colorEdificio
		processing begun of material:  colorVentanaEdificio
		registered as also a user of material:  colorEdificio
		registered as also a user of material:  colorVentanaEdificio
		processing begun of multimaterial:  cuboAnimado.Multimaterial#26
		num positions      :  577
		num normals        :  577
		num tangents       :  0
		num uvs            :  1154
		num uvs2           :  0
		num colors         :  0
		num triangles      :  356
	processing begun of mesh:  Cube.023
		processing begun of material:  colorEdificio
		processing begun of material:  colorVentanaEdificio
		registered as also a user of material:  colorEdificio
		registered as also a user of material:  colorVentanaEdificio
		processing begun of multimaterial:  cuboAnimado.Multimaterial#27
		num positions      :  577
		num normals        :  577
		num tangents       :  0
		num uvs            :  1154
		num uvs2           :  0
		num colors         :  0
		num triangles      :  356
	processing begun of mesh:  Cube.024
		processing begun of material:  colorEdificio
		processing begun of material:  colorVentanaEdificio
		registered as also a user of material:  colorEdificio
		registered as also a user of material:  colorVentanaEdificio
		processing begun of multimaterial:  cuboAnimado.Multimaterial#28
		num positions      :  570
		num normals        :  570
		num tangents       :  0
		num uvs            :  1140
		num uvs2           :  0
		num colors         :  0
		num triangles      :  356
	processing begun of mesh:  MaestroEdificioDerecha.001
		WARNING: No materials have been assigned: 
		num positions      :  29
		num normals        :  29
		num tangents       :  0
		num uvs            :  58
		num uvs2           :  0
		num colors         :  0
		num triangles      :  12
	processing begun of mesh:  Plane
		processing begun of material:  nuves
		num positions      :  26
		num normals        :  26
		num tangents       :  0
		num uvs            :  52
		num uvs2           :  0
		num colors         :  0
		num triangles      :  24
	processing begun of mesh:  CuboAnimado
		processing begun of material:  rojo
		registered as also a user of material:  rojo
		num positions      :  29
		num normals        :  29
		num tangents       :  0
		num uvs            :  58
		num uvs2           :  0
		num colors         :  0
		num triangles      :  12
	processing begun of light (DIRECTIONAL):  SunDireccionalBLender
	processing begun of shadows for light:  SunDireccionalBLender
	processing begun of light (POINT):  Point
========= Writing of JSON file started =========
	writing mesh:  columnas
	writing mesh:  pajaro
	writing mesh:  columnas2
	writing mesh:  columnas3
	writing mesh:  columnas4
	writing mesh:  sueloMalla
	writing mesh:  columnas5
	writing mesh:  columnas6
	writing mesh:  columnas7
	writing mesh:  EmphtyReposicionar
	writing mesh:  sueloMalla.001
	writing mesh:  EmphtyReposicionar2
	writing mesh:  columnaFisicoInferior
	writing mesh:  columnaFisicoSuperior
	writing mesh:  puntos
	writing mesh:  columnasPrincipal
	writing mesh:  sueloColision
	writing mesh:  sueloColision.001
	writing mesh:  pajaroColision
	writing mesh:  columnaFisicoSuperior.008
	writing mesh:  columnaFisicoInferior.007
	writing mesh:  columnaFisicoInferior.008
	writing mesh:  columnaFisicoSuperior.007
	writing mesh:  puntos.007
	writing mesh:  columnasPrincipal.007
	writing mesh:  columnaFisicoSuperior.009
	writing mesh:  columnaFisicoInferior.009
	writing mesh:  columnaFisicoInferior.001
	writing mesh:  columnaFisicoSuperior.001
	writing mesh:  puntos.001
	writing mesh:  columnasPrincipal.001
	writing mesh:  columnaFisicoSuperior.002
	writing mesh:  columnaFisicoInferior.002
	writing mesh:  columnaFisicoInferior.003
	writing mesh:  columnaFisicoSuperior.003
	writing mesh:  puntos.002
	writing mesh:  columnasPrincipal.002
	writing mesh:  columnaFisicoSuperior.010
	writing mesh:  columnaFisicoInferior.010
	writing mesh:  columnaFisicoInferior.004
	writing mesh:  columnaFisicoSuperior.004
	writing mesh:  puntos.003
	writing mesh:  columnasPrincipal.003
	writing mesh:  columnaFisicoSuperior.011
	writing mesh:  columnaFisicoInferior.011
	writing mesh:  columnaFisicoInferior.005
	writing mesh:  columnaFisicoSuperior.005
	writing mesh:  puntos.004
	writing mesh:  columnasPrincipal.004
	writing mesh:  columnaFisicoSuperior.012
	writing mesh:  columnaFisicoInferior.012
	writing mesh:  columnaFisicoInferior.006
	writing mesh:  columnaFisicoSuperior.006
	writing mesh:  puntos.005
	writing mesh:  columnasPrincipal.005
	writing mesh:  columnaFisicoSuperior.013
	writing mesh:  columnaFisicoInferior.013
	writing mesh:  suelo
	writing mesh:  suelo2
	writing mesh:  numero1
	writing mesh:  numero2
	writing mesh:  arbolesPrimerPlano1
	writing mesh:  arbolesPrimerPlano2
	writing mesh:  arbolesPrimerPlano3
	writing mesh:  Cube.005
	writing mesh:  Cube.003
	writing mesh:  Cube.004
	writing mesh:  Cube.006
	writing mesh:  Cube.007
	writing mesh:  Cube.008
	writing mesh:  Cube.009
	writing mesh:  Cube.010
	writing mesh:  Cube.011
	writing mesh:  Cube.012
	writing mesh:  Cube.013
	writing mesh:  Cube.014
	writing mesh:  Cube.015
	writing mesh:  Cube.016
	writing mesh:  Cube.017
	writing mesh:  MaestroEdificioIzquierda
	writing mesh:  MaestroEdificioDerecha
	writing mesh:  ReposicionarArboles
	writing mesh:  arbolesPrimerPlano1.001
	writing mesh:  arbolesPrimerPlano2.001
	writing mesh:  arbolesPrimerPlano3.001
	writing mesh:  Cube.001
	writing mesh:  Cube.002
	writing mesh:  Cube.018
	writing mesh:  Cube.019
	writing mesh:  Cube.020
	writing mesh:  Cube.021
	writing mesh:  Cube.022
	writing mesh:  Cube.023
	writing mesh:  Cube.024
	writing mesh:  MaestroEdificioDerecha.001
	writing mesh:  Plane
	writing mesh:  CuboAnimado
========= Writing of JSON file completed =========
========= end of processing =========
elapsed time:  0 min, 2.4954 secs
