Exporter version: 6.3.1, Blender version: 2.82 (sub 7)
========= Conversion from Blender to Babylon.js =========
	Scene settings used :
		Inline textures     :  true
		Material Type       :  PBR
		Positions Precision :  4
		Normals Precision   :  3
		UVs Precision       :  3
		Vert Color Precision:  3
		Mat Weight Precision:  2
		Keep Z-up r-handed  :  no
			processing env texture environment.env
	Python World class constructor completed
	processing begun of camera (ArcRotateCamera):  Camera
		WARNING: Camera type with mandatory target specified, but no target to track set.  Ignored
	processing begun of mesh:  columnas
		processing begun of material:  Material
			processing texture verde
				texture type:  diffuseTexture, mapped using: "UVMap"
		num positions      :  133
		num normals        :  133
		num tangents       :  0
		num uvs            :  266
		num uvs2           :  0
		num colors         :  0
		num indices        :  156
	processing begun of mesh:  pajaro
		processing begun of material:  pajaro
		processing begun of material:  blanco
		processing begun of material:  rojo
			processing texture amarillo
				texture type:  diffuseTexture, mapped using: "UVMap"
			processing texture blanco
				texture type:  diffuseTexture, mapped using: "UVMap"
			processing texture rojo
				texture type:  diffuseTexture, mapped using: "UVMap"
		processing begun of multimaterial:  Escenario.Multimaterial#0
		num positions      :  151
		num normals        :  151
		num tangents       :  0
		num uvs            :  302
		num uvs2           :  0
		num colors         :  0
		num indices        :  444
	processing begun of mesh:  columnas2
		processing begun of material:  Material
		registered as also a user of material:  Material
		num positions      :  133
		num normals        :  133
		num tangents       :  0
		num uvs            :  266
		num uvs2           :  0
		num colors         :  0
		num indices        :  156
	processing begun of mesh:  columnas3
		processing begun of material:  Material
		registered as also a user of material:  Material
		num positions      :  133
		num normals        :  133
		num tangents       :  0
		num uvs            :  266
		num uvs2           :  0
		num colors         :  0
		num indices        :  156
	processing begun of mesh:  columnas4
		processing begun of material:  Material
		registered as also a user of material:  Material
		num positions      :  133
		num normals        :  133
		num tangents       :  0
		num uvs            :  266
		num uvs2           :  0
		num colors         :  0
		num indices        :  156
	processing begun of mesh:  sueloMalla
		processing begun of material:  Material
		processing begun of material:  pajaro
			processing texture verde
				texture type:  diffuseTexture, mapped using: "UVMap"
			processing texture amarillo
				texture type:  diffuseTexture, mapped using: "UVMap"
		processing begun of multimaterial:  Escenario.Multimaterial#1
		num positions      :  45
		num normals        :  45
		num tangents       :  0
		num uvs            :  90
		num uvs2           :  0
		num colors         :  0
		num indices        :  60
	processing begun of mesh:  columnas5
		processing begun of material:  Material
		registered as also a user of material:  Material
		num positions      :  133
		num normals        :  133
		num tangents       :  0
		num uvs            :  266
		num uvs2           :  0
		num colors         :  0
		num indices        :  156
	processing begun of mesh:  columnas6
		processing begun of material:  Material
		registered as also a user of material:  Material
		num positions      :  133
		num normals        :  133
		num tangents       :  0
		num uvs            :  266
		num uvs2           :  0
		num colors         :  0
		num indices        :  156
	processing begun of mesh:  columnas7
		processing begun of material:  Material
		registered as also a user of material:  Material
		num positions      :  133
		num normals        :  133
		num tangents       :  0
		num uvs            :  266
		num uvs2           :  0
		num colors         :  0
		num indices        :  156
	processing begun of node:  Empty
	processing begun of mesh:  EmphtyReposicionar
		WARNING: No materials have been assigned: 
		num positions      :  65
		num normals        :  65
		num tangents       :  0
		num uvs            :  130
		num uvs2           :  0
		num colors         :  0
		num indices        :  84
		WARNING: # of 0 area faces found:  6
	processing begun of mesh:  sueloMalla.001
		processing begun of material:  Material
		processing begun of material:  pajaro
			processing texture verde
				texture type:  diffuseTexture, mapped using: "UVMap"
		registered as also a user of material:  pajaro
		processing begun of multimaterial:  Escenario.Multimaterial#2
		num positions      :  45
		num normals        :  45
		num tangents       :  0
		num uvs            :  90
		num uvs2           :  0
		num colors         :  0
		num indices        :  60
	processing begun of mesh:  EmphtyReposicionar2
		WARNING: No materials have been assigned: 
		num positions      :  65
		num normals        :  65
		num tangents       :  0
		num uvs            :  130
		num uvs2           :  0
		num colors         :  0
		num indices        :  84
		WARNING: # of 0 area faces found:  6
	processing begun of mesh:  columnaFisicoInferior
		processing begun of material:  colisionMaterial
		num positions      :  31
		num normals        :  31
		num tangents       :  0
		num uvs            :  62
		num uvs2           :  0
		num colors         :  0
		num indices        :  36
	processing begun of mesh:  columnaFisicoSuperior
		processing begun of material:  colisionMaterial
		registered as also a user of material:  colisionMaterial
		num positions      :  29
		num normals        :  29
		num tangents       :  0
		num uvs            :  58
		num uvs2           :  0
		num colors         :  0
		num indices        :  36
	processing begun of mesh:  puntos
		WARNING: No materials have been assigned: 
		num positions      :  29
		num normals        :  29
		num tangents       :  0
		num uvs            :  58
		num uvs2           :  0
		num colors         :  0
		num indices        :  36
	processing begun of mesh:  columnaFisicoInferior.001
		processing begun of material:  colisionMaterial
		registered as also a user of material:  colisionMaterial
		num positions      :  31
		num normals        :  31
		num tangents       :  0
		num uvs            :  62
		num uvs2           :  0
		num colors         :  0
		num indices        :  36
	processing begun of mesh:  columnaFisicoSuperior.001
		processing begun of material:  colisionMaterial
		registered as also a user of material:  colisionMaterial
		num positions      :  29
		num normals        :  29
		num tangents       :  0
		num uvs            :  58
		num uvs2           :  0
		num colors         :  0
		num indices        :  36
	processing begun of mesh:  puntos.001
		WARNING: No materials have been assigned: 
		num positions      :  29
		num normals        :  29
		num tangents       :  0
		num uvs            :  58
		num uvs2           :  0
		num colors         :  0
		num indices        :  36
	processing begun of mesh:  columnasPrincipal.002
		WARNING: No materials have been assigned: 
		num positions      :  29
		num normals        :  29
		num tangents       :  0
		num uvs            :  58
		num uvs2           :  0
		num colors         :  0
		num indices        :  36
	processing begun of mesh:  columnaFisicoInferior.002
		processing begun of material:  colisionMaterial
		registered as also a user of material:  colisionMaterial
		num positions      :  31
		num normals        :  31
		num tangents       :  0
		num uvs            :  62
		num uvs2           :  0
		num colors         :  0
		num indices        :  36
	processing begun of mesh:  columnaFisicoSuperior.002
		processing begun of material:  colisionMaterial
		registered as also a user of material:  colisionMaterial
		num positions      :  29
		num normals        :  29
		num tangents       :  0
		num uvs            :  58
		num uvs2           :  0
		num colors         :  0
		num indices        :  36
	processing begun of mesh:  columnasPrincipal
		WARNING: No materials have been assigned: 
		num positions      :  29
		num normals        :  29
		num tangents       :  0
		num uvs            :  58
		num uvs2           :  0
		num colors         :  0
		num indices        :  36
	processing begun of mesh:  columnasPrincipal.001
		WARNING: No materials have been assigned: 
		num positions      :  29
		num normals        :  29
		num tangents       :  0
		num uvs            :  58
		num uvs2           :  0
		num colors         :  0
		num indices        :  36
	processing begun of mesh:  columnasPrincipal.003
		WARNING: No materials have been assigned: 
		num positions      :  29
		num normals        :  29
		num tangents       :  0
		num uvs            :  58
		num uvs2           :  0
		num colors         :  0
		num indices        :  36
	processing begun of mesh:  puntos.003
		WARNING: No materials have been assigned: 
		num positions      :  29
		num normals        :  29
		num tangents       :  0
		num uvs            :  58
		num uvs2           :  0
		num colors         :  0
		num indices        :  36
	processing begun of mesh:  columnasPrincipal.004
		WARNING: No materials have been assigned: 
		num positions      :  29
		num normals        :  29
		num tangents       :  0
		num uvs            :  58
		num uvs2           :  0
		num colors         :  0
		num indices        :  36
	processing begun of mesh:  puntos.004
		WARNING: No materials have been assigned: 
		num positions      :  29
		num normals        :  29
		num tangents       :  0
		num uvs            :  58
		num uvs2           :  0
		num colors         :  0
		num indices        :  36
	processing begun of mesh:  columnasPrincipal.005
		WARNING: No materials have been assigned: 
		num positions      :  29
		num normals        :  29
		num tangents       :  0
		num uvs            :  58
		num uvs2           :  0
		num colors         :  0
		num indices        :  36
	processing begun of mesh:  puntos.005
		WARNING: No materials have been assigned: 
		num positions      :  29
		num normals        :  29
		num tangents       :  0
		num uvs            :  58
		num uvs2           :  0
		num colors         :  0
		num indices        :  36
	processing begun of mesh:  columnasPrincipal.006
		WARNING: No materials have been assigned: 
		num positions      :  29
		num normals        :  29
		num tangents       :  0
		num uvs            :  58
		num uvs2           :  0
		num colors         :  0
		num indices        :  36
	processing begun of mesh:  puntos.002
		WARNING: No materials have been assigned: 
		num positions      :  29
		num normals        :  29
		num tangents       :  0
		num uvs            :  58
		num uvs2           :  0
		num colors         :  0
		num indices        :  36
	processing begun of mesh:  columnaFisicoInferior.003
		processing begun of material:  colisionMaterial
		registered as also a user of material:  colisionMaterial
		num positions      :  31
		num normals        :  31
		num tangents       :  0
		num uvs            :  62
		num uvs2           :  0
		num colors         :  0
		num indices        :  36
	processing begun of mesh:  columnaFisicoInferior.004
		processing begun of material:  colisionMaterial
		registered as also a user of material:  colisionMaterial
		num positions      :  31
		num normals        :  31
		num tangents       :  0
		num uvs            :  62
		num uvs2           :  0
		num colors         :  0
		num indices        :  36
	processing begun of mesh:  columnaFisicoInferior.005
		processing begun of material:  colisionMaterial
		registered as also a user of material:  colisionMaterial
		num positions      :  31
		num normals        :  31
		num tangents       :  0
		num uvs            :  62
		num uvs2           :  0
		num colors         :  0
		num indices        :  36
	processing begun of mesh:  columnaFisicoInferior.006
		processing begun of material:  colisionMaterial
		registered as also a user of material:  colisionMaterial
		num positions      :  31
		num normals        :  31
		num tangents       :  0
		num uvs            :  62
		num uvs2           :  0
		num colors         :  0
		num indices        :  36
	processing begun of mesh:  columnaFisicoSuperior.003
		processing begun of material:  colisionMaterial
		registered as also a user of material:  colisionMaterial
		num positions      :  29
		num normals        :  29
		num tangents       :  0
		num uvs            :  58
		num uvs2           :  0
		num colors         :  0
		num indices        :  36
	processing begun of mesh:  columnaFisicoSuperior.004
		processing begun of material:  colisionMaterial
		registered as also a user of material:  colisionMaterial
		num positions      :  29
		num normals        :  29
		num tangents       :  0
		num uvs            :  58
		num uvs2           :  0
		num colors         :  0
		num indices        :  36
	processing begun of mesh:  columnaFisicoSuperior.005
		processing begun of material:  colisionMaterial
		registered as also a user of material:  colisionMaterial
		num positions      :  29
		num normals        :  29
		num tangents       :  0
		num uvs            :  58
		num uvs2           :  0
		num colors         :  0
		num indices        :  36
	processing begun of mesh:  columnaFisicoSuperior.006
		processing begun of material:  colisionMaterial
		registered as also a user of material:  colisionMaterial
		num positions      :  29
		num normals        :  29
		num tangents       :  0
		num uvs            :  58
		num uvs2           :  0
		num colors         :  0
		num indices        :  36
	processing begun of mesh:  puntos.006
		WARNING: No materials have been assigned: 
		num positions      :  29
		num normals        :  29
		num tangents       :  0
		num uvs            :  58
		num uvs2           :  0
		num colors         :  0
		num indices        :  36
	processing begun of mesh:  sueloColision
		processing begun of material:  colisionMaterial
		processing begun of material:  pajaro
		registered as also a user of material:  pajaro
		processing begun of multimaterial:  Escenario.Multimaterial#3
		num positions      :  29
		num normals        :  29
		num tangents       :  0
		num uvs            :  58
		num uvs2           :  0
		num colors         :  0
		num indices        :  36
	processing begun of mesh:  sueloColision.001
		processing begun of material:  colisionMaterial
		registered as also a user of material:  colisionMaterial
		num positions      :  29
		num normals        :  29
		num tangents       :  0
		num uvs            :  58
		num uvs2           :  0
		num colors         :  0
		num indices        :  36
	processing begun of mesh:  pajaroColision
		processing begun of material:  colisionMaterial
		processing begun of material:  pajaro
		registered as also a user of material:  pajaro
		processing begun of multimaterial:  Escenario.Multimaterial#4
		num positions      :  29
		num normals        :  29
		num tangents       :  0
		num uvs            :  58
		num uvs2           :  0
		num colors         :  0
		num indices        :  36
	processing begun of mesh:  suelo
		WARNING: No materials have been assigned: 
		num positions      :  4
		num normals        :  4
		num tangents       :  0
		num uvs            :  8
		num uvs2           :  0
		num colors         :  0
		num indices        :  6
	processing begun of mesh:  suelo2
		WARNING: No materials have been assigned: 
		num positions      :  4
		num normals        :  4
		num tangents       :  0
		num uvs            :  8
		num uvs2           :  0
		num colors         :  0
		num indices        :  6
	processing begun of mesh:  suelo.001
		WARNING: No materials have been assigned: 
		num positions      :  0
		num normals        :  0
		num tangents       :  0
		num uvs            :  0
		num uvs2           :  0
		num colors         :  0
		num indices        :  0
	WARNING: mesh, suelo.001, has 0 vertices; ignored
	processing begun of mesh:  numero1
		WARNING: No materials have been assigned: 
		num positions      :  8
		num normals        :  8
		num tangents       :  0
		num uvs            :  16
		num uvs2           :  0
		num colors         :  0
		num indices        :  18
	processing begun of mesh:  numero2
		WARNING: No materials have been assigned: 
		num positions      :  114
		num normals        :  114
		num tangents       :  0
		num uvs            :  228
		num uvs2           :  0
		num colors         :  0
		num indices        :  180
		WARNING: # of 0 area faces found:  32
	processing begun of light (DIRECTIONAL):  Sun
	processing begun of light (POINT):  Point
========= Writing of JSON file started =========
	writing mesh:  columnas
	writing mesh:  pajaro
	writing mesh:  columnas2
	writing mesh:  columnas3
	writing mesh:  columnas4
	writing mesh:  sueloMalla
	writing mesh:  columnas5
	writing mesh:  columnas6
	writing mesh:  columnas7
	writing mesh:  EmphtyReposicionar
	writing mesh:  sueloMalla.001
	writing mesh:  EmphtyReposicionar2
	writing mesh:  columnaFisicoInferior
	writing mesh:  columnaFisicoSuperior
	writing mesh:  puntos
	writing mesh:  columnaFisicoInferior.001
	writing mesh:  columnaFisicoSuperior.001
	writing mesh:  puntos.001
	writing mesh:  columnasPrincipal.002
	writing mesh:  columnaFisicoInferior.002
	writing mesh:  columnaFisicoSuperior.002
	writing mesh:  columnasPrincipal
	writing mesh:  columnasPrincipal.001
	writing mesh:  columnasPrincipal.003
	writing mesh:  puntos.003
	writing mesh:  columnasPrincipal.004
	writing mesh:  puntos.004
	writing mesh:  columnasPrincipal.005
	writing mesh:  puntos.005
	writing mesh:  columnasPrincipal.006
	writing mesh:  puntos.002
	writing mesh:  columnaFisicoInferior.003
	writing mesh:  columnaFisicoInferior.004
	writing mesh:  columnaFisicoInferior.005
	writing mesh:  columnaFisicoInferior.006
	writing mesh:  columnaFisicoSuperior.003
	writing mesh:  columnaFisicoSuperior.004
	writing mesh:  columnaFisicoSuperior.005
	writing mesh:  columnaFisicoSuperior.006
	writing mesh:  puntos.006
	writing mesh:  sueloColision
	writing mesh:  sueloColision.001
	writing mesh:  pajaroColision
	writing mesh:  suelo
	writing mesh:  suelo2
	writing mesh:  numero1
	writing mesh:  numero2
========= Writing of JSON file completed =========
========= end of processing =========
elapsed time:  0 min, 0.3299 secs
